<?xml version="1.0" encoding="UTF-8"?>
<!-- Generated by org.testng.reporters.JUnitReportReporter -->
<testsuite hostname="DESKTOP-PGIJ00E" failures="0" tests="1" name="testCases.TC001_RegistrationTest" time="12.252" errors="0" timestamp="2023-08-23T12:41:07 MST" skipped="0">
  <testcase classname="testCases.TC001_RegistrationTest" name="test_account_Registration" time="12.252"/>
  <system-out/>
</testsuite> <!-- testCases.TC001_RegistrationTest -->
