<?xml version="1.0" encoding="UTF-8"?>
<!-- Generated by org.testng.reporters.JUnitReportReporter -->
<testsuite hostname="DESKTOP-PGIJ00E" failures="0" tests="1" name="testCases.TC002_LoginTest" time="2.141" errors="0" timestamp="2023-08-25T17:42:05 MST" skipped="0">
  <testcase classname="testCases.TC002_LoginTest" name="loginTest" time="2.141"/>
  <system-out/>
</testsuite> <!-- testCases.TC002_LoginTest -->
