<?xml version="1.0" encoding="UTF-8"?>
<!-- Generated by org.testng.reporters.JUnitReportReporter -->
<testsuite hostname="DESKTOP-PGIJ00E" failures="0" tests="5" name="testCases.TC003_DDLoginTest" time="37.470" errors="0" timestamp="2023-08-24T11:50:12 MST" skipped="0">
  <testcase classname="testCases.TC003_DDLoginTest" name="ddLoginTest" time="1.950"/>
  <system-out/>
  <testcase classname="testCases.TC003_DDLoginTest" name="ddLoginTest" time="1.832"/>
  <system-out/>
  <testcase classname="testCases.TC003_DDLoginTest" name="ddLoginTest" time="11.113"/>
  <system-out/>
  <testcase classname="testCases.TC003_DDLoginTest" name="ddLoginTest" time="11.456"/>
  <system-out/>
  <testcase classname="testCases.TC003_DDLoginTest" name="ddLoginTest" time="11.119"/>
  <system-out/>
</testsuite> <!-- testCases.TC003_DDLoginTest -->
