<?xml version="1.0" encoding="UTF-8"?>
<!-- Generated by org.testng.reporters.JUnitReportReporter -->
<testsuite hostname="DESKTOP-PGIJ00E" failures="0" tests="1" name="testCases.TC002_LoginTest" time="1.481" errors="0" timestamp="2023-08-25T21:34:48 MST" skipped="0">
  <testcase classname="testCases.TC002_LoginTest" name="loginTest" time="1.481"/>
</testsuite> <!-- testCases.TC002_LoginTest -->
